#
# There is insufficient memory for the Java Runtime Environment to continue.
# Native memory allocation (malloc) failed to allocate 481728 bytes for Chunk::new
# Possible reasons:
#   The system is out of physical RAM or swap space
#   In 32 bit mode, the process size limit was hit
# Possible solutions:
#   Reduce memory load on the system
#   Increase physical memory or swap space
#   Check if swap backing store is full
#   Use 64 bit Java on a 64 bit OS
#   Decrease Java heap size (-Xmx/-Xms)
#   Decrease number of Java threads
#   Decrease Java thread stack sizes (-Xss)
#   Set larger code cache with -XX:ReservedCodeCacheSize=
# This output file may be truncated or incomplete.
#
#  Out of Memory Error (allocation.cpp:390), pid=10748, tid=16944
#
# JRE version: Java(TM) SE Runtime Environment (8.0_45-b14) (build 1.8.0_45-b14)
# Java VM: Java HotSpot(TM) 64-Bit Server VM (25.45-b02 mixed mode windows-amd64 compressed oops)
# Failed to write core dump. Minidumps are not enabled by default on client versions of Windows
#

---------------  T H R E A D  ---------------

Current thread (0x00000000176bd000):  JavaThread "C2 CompilerThread2" daemon [_thread_in_native, id=16944, stack(0x0000000017e80000,0x0000000017f80000)]

Stack: [0x0000000017e80000,0x0000000017f80000]
Native frames: (J=compiled Java code, j=interpreted, Vv=VM code, C=native code)
V  [jvm.dll+0x32b57a]
V  [jvm.dll+0x279873]
V  [jvm.dll+0x27a509]
V  [jvm.dll+0x271825]
V  [jvm.dll+0xcb9e2]
V  [jvm.dll+0xcbeac]
V  [jvm.dll+0x4929e7]
V  [jvm.dll+0x45f5b9]
V  [jvm.dll+0x46a73b]
V  [jvm.dll+0x46cd52]
V  [jvm.dll+0x4500f2]
V  [jvm.dll+0xa4352]
V  [jvm.dll+0xa4c8f]
V  [jvm.dll+0x241984]
V  [jvm.dll+0x29853a]
C  [msvcr100.dll+0x21d9f]
C  [msvcr100.dll+0x21e3b]
C  [KERNEL32.DLL+0x13d2]
C  [ntdll.dll+0x6eb64]


Current CompileTask:
C2:   3502 1679       4       com.android.dx.dex.code.RopToDop::dopFor (792 bytes)


---------------  P R O C E S S  ---------------

Java Threads: ( => current thread )
  0x0000000017746800 JavaThread "Service Thread" daemon [_thread_blocked, id=20192, stack(0x0000000018080000,0x0000000018180000)]
  0x00000000176c8800 JavaThread "C1 CompilerThread3" daemon [_thread_blocked, id=15528, stack(0x0000000017f80000,0x0000000018080000)]
=>0x00000000176bd000 JavaThread "C2 CompilerThread2" daemon [_thread_in_native, id=16944, stack(0x0000000017e80000,0x0000000017f80000)]
  0x00000000176ae000 JavaThread "C2 CompilerThread1" daemon [_thread_in_native, id=18760, stack(0x0000000017d80000,0x0000000017e80000)]
  0x00000000176a9800 JavaThread "C2 CompilerThread0" daemon [_thread_in_native, id=20120, stack(0x0000000017c80000,0x0000000017d80000)]
  0x00000000176a8000 JavaThread "Attach Listener" daemon [_thread_blocked, id=20164, stack(0x0000000017b80000,0x0000000017c80000)]
  0x00000000176a6800 JavaThread "Signal Dispatcher" daemon [_thread_blocked, id=20056, stack(0x0000000017a80000,0x0000000017b80000)]
  0x0000000002b69800 JavaThread "Finalizer" daemon [_thread_blocked, id=17932, stack(0x0000000017580000,0x0000000017680000)]
  0x0000000002b63000 JavaThread "Reference Handler" daemon [_thread_blocked, id=18864, stack(0x0000000017480000,0x0000000017580000)]
  0x0000000002a70800 JavaThread "main" [_thread_in_Java, id=16972, stack(0x0000000002970000,0x0000000002a70000)]

Other Threads:
  0x0000000015689800 VMThread [stack: 0x0000000017380000,0x0000000017480000] [id=14672]
  0x0000000017748000 WatcherThread [stack: 0x0000000018180000,0x0000000018280000] [id=19084]

VM state:not at safepoint (normal execution)

VM Mutex/Monitor currently owned by a thread: None

Heap:
 PSYoungGen      total 68608K, used 45664K [0x00000000eab00000, 0x00000000f3100000, 0x0000000100000000)
  eden space 63488K, 63% used [0x00000000eab00000,0x00000000ed29aba0,0x00000000ee900000)
  from space 5120K, 99% used [0x00000000ee900000,0x00000000eedfd498,0x00000000eee00000)
  to   space 5120K, 0% used [0x00000000f2c00000,0x00000000f2c00000,0x00000000f3100000)
 ParOldGen       total 84992K, used 14646K [0x00000000c0000000, 0x00000000c5300000, 0x00000000eab00000)
  object space 84992K, 17% used [0x00000000c0000000,0x00000000c0e4d960,0x00000000c5300000)
 Metaspace       used 5926K, capacity 7152K, committed 7296K, reserved 1056768K
  class space    used 557K, capacity 616K, committed 640K, reserved 1048576K

Card table byte_map: [0x0000000011f30000,0x0000000012140000] byte_map_base: 0x0000000011930000

Marking Bits: (ParMarkBitMap*) 0x0000000076224040
 Begin Bits: [0x0000000012aa0000, 0x0000000013aa0000)
 End Bits:   [0x0000000013aa0000, 0x0000000014aa0000)

Polling page: 0x0000000001010000

CodeCache: size=245760Kb used=7825Kb max_used=7825Kb free=237934Kb
 bounds [0x0000000002b70000, 0x0000000003320000, 0x0000000011b70000]
 total_blobs=2040 nmethods=1775 adapters=178
 compilation: enabled

Compilation events (10 events):
Event: 3.336 Thread 0x00000000176c8800 1805   !   2       com.android.dx.rop.cst.CstType::intern (48 bytes)
Event: 3.337 Thread 0x00000000176c8800 nmethod 1805 0x0000000003308a50 code [0x0000000003308c00, 0x0000000003309108]
Event: 3.338 Thread 0x00000000176c8800 1806       2       com.android.dx.ssa.back.IdenticalBlockCombiner::replaceSucc (83 bytes)
Event: 3.339 Thread 0x00000000176c8800 nmethod 1806 0x00000000032f7e50 code [0x00000000032f8000, 0x00000000032f8358]
Event: 3.339 Thread 0x00000000176ae000 nmethod 1691 0x0000000003309650 code [0x0000000003309b80, 0x000000000330ee38]
Event: 3.342 Thread 0x00000000176ae000 1763   !   4       com.android.dx.cf.code.RopperMachine::run (1550 bytes)
Event: 3.365 Thread 0x00000000176c8800 1809       2       com.android.dx.ssa.InterferenceRegisterMapper::interferes (78 bytes)
Event: 3.366 Thread 0x00000000176c8800 nmethod 1809 0x00000000032f72d0 code [0x00000000032f7480, 0x00000000032f7948]
Event: 3.384 Thread 0x00000000176c8800 1811       2       com.android.dx.ssa.PhiInsn::updateSourcesToDefinitions (68 bytes)
Event: 3.385 Thread 0x00000000176c8800 nmethod 1811 0x0000000003308150 code [0x0000000003308300, 0x00000000033086b8]

GC Heap History (6 events):
Event: 1.128 GC heap before
{Heap before GC invocations=1 (full 0):
 PSYoungGen      total 36864K, used 31744K [0x00000000eab00000, 0x00000000ed400000, 0x0000000100000000)
  eden space 31744K, 100% used [0x00000000eab00000,0x00000000eca00000,0x00000000eca00000)
  from space 5120K, 0% used [0x00000000ecf00000,0x00000000ecf00000,0x00000000ed400000)
  to   space 5120K, 0% used [0x00000000eca00000,0x00000000eca00000,0x00000000ecf00000)
 ParOldGen       total 84992K, used 0K [0x00000000c0000000, 0x00000000c5300000, 0x00000000eab00000)
  object space 84992K, 0% used [0x00000000c0000000,0x00000000c0000000,0x00000000c5300000)
 Metaspace       used 5706K, capacity 6960K, committed 7040K, reserved 1056768K
  class space    used 553K, capacity 616K, committed 640K, reserved 1048576K
Event: 1.159 GC heap after
Heap after GC invocations=1 (full 0):
 PSYoungGen      total 36864K, used 5091K [0x00000000eab00000, 0x00000000ef300000, 0x0000000100000000)
  eden space 31744K, 0% used [0x00000000eab00000,0x00000000eab00000,0x00000000eca00000)
  from space 5120K, 99% used [0x00000000eca00000,0x00000000ecef8cf0,0x00000000ecf00000)
  to   space 5120K, 0% used [0x00000000eee00000,0x00000000eee00000,0x00000000ef300000)
 ParOldGen       total 84992K, used 1536K [0x00000000c0000000, 0x00000000c5300000, 0x00000000eab00000)
  object space 84992K, 1% used [0x00000000c0000000,0x00000000c01803e0,0x00000000c5300000)
 Metaspace       used 5706K, capacity 6960K, committed 7040K, reserved 1056768K
  class space    used 553K, capacity 616K, committed 640K, reserved 1048576K
}
Event: 1.548 GC heap before
{Heap before GC invocations=2 (full 0):
 PSYoungGen      total 36864K, used 36835K [0x00000000eab00000, 0x00000000ef300000, 0x0000000100000000)
  eden space 31744K, 100% used [0x00000000eab00000,0x00000000eca00000,0x00000000eca00000)
  from space 5120K, 99% used [0x00000000eca00000,0x00000000ecef8cf0,0x00000000ecf00000)
  to   space 5120K, 0% used [0x00000000eee00000,0x00000000eee00000,0x00000000ef300000)
 ParOldGen       total 84992K, used 1536K [0x00000000c0000000, 0x00000000c5300000, 0x00000000eab00000)
  object space 84992K, 1% used [0x00000000c0000000,0x00000000c01803e0,0x00000000c5300000)
 Metaspace       used 5850K, capacity 7088K, committed 7296K, reserved 1056768K
  class space    used 556K, capacity 616K, committed 640K, reserved 1048576K
Event: 1.710 GC heap after
Heap after GC invocations=2 (full 0):
 PSYoungGen      total 68608K, used 5093K [0x00000000eab00000, 0x00000000ef300000, 0x0000000100000000)
  eden space 63488K, 0% used [0x00000000eab00000,0x00000000eab00000,0x00000000ee900000)
  from space 5120K, 99% used [0x00000000eee00000,0x00000000ef2f96e8,0x00000000ef300000)
  to   space 5120K, 0% used [0x00000000ee900000,0x00000000ee900000,0x00000000eee00000)
 ParOldGen       total 84992K, used 5870K [0x00000000c0000000, 0x00000000c5300000, 0x00000000eab00000)
  object space 84992K, 6% used [0x00000000c0000000,0x00000000c05bbac8,0x00000000c5300000)
 Metaspace       used 5850K, capacity 7088K, committed 7296K, reserved 1056768K
  class space    used 556K, capacity 616K, committed 640K, reserved 1048576K
}
Event: 2.952 GC heap before
{Heap before GC invocations=3 (full 0):
 PSYoungGen      total 68608K, used 68581K [0x00000000eab00000, 0x00000000ef300000, 0x0000000100000000)
  eden space 63488K, 100% used [0x00000000eab00000,0x00000000ee900000,0x00000000ee900000)
  from space 5120K, 99% used [0x00000000eee00000,0x00000000ef2f96e8,0x00000000ef300000)
  to   space 5120K, 0% used [0x00000000ee900000,0x00000000ee900000,0x00000000eee00000)
 ParOldGen       total 84992K, used 5870K [0x00000000c0000000, 0x00000000c5300000, 0x00000000eab00000)
  object space 84992K, 6% used [0x00000000c0000000,0x00000000c05bbac8,0x00000000c5300000)
 Metaspace       used 5897K, capacity 7088K, committed 7296K, reserved 1056768K
  class space    used 557K, capacity 616K, committed 640K, reserved 1048576K
Event: 3.043 GC heap after
Heap after GC invocations=3 (full 0):
 PSYoungGen      total 68608K, used 5109K [0x00000000eab00000, 0x00000000f3100000, 0x0000000100000000)
  eden space 63488K, 0% used [0x00000000eab00000,0x00000000eab00000,0x00000000ee900000)
  from space 5120K, 99% used [0x00000000ee900000,0x00000000eedfd498,0x00000000eee00000)
  to   space 5120K, 0% used [0x00000000f2c00000,0x00000000f2c00000,0x00000000f3100000)
 ParOldGen       total 84992K, used 14646K [0x00000000c0000000, 0x00000000c5300000, 0x00000000eab00000)
  object space 84992K, 17% used [0x00000000c0000000,0x00000000c0e4d960,0x00000000c5300000)
 Metaspace       used 5897K, capacity 7088K, committed 7296K, reserved 1056768K
  class space    used 557K, capacity 616K, committed 640K, reserved 1048576K
}

Deoptimization events (10 events):
Event: 2.949 Thread 0x0000000002a70800 Uncommon trap: reason=unstable_if action=reinterpret pc=0x00000000031b0764 method=com.android.dx.ssa.LiteralOpUpgrader$1.visitNonMoveInsn(Lcom/android/dx/ssa/NormalSsaInsn;)V @ 55
Event: 2.950 Thread 0x0000000002a70800 Uncommon trap: reason=unstable_if action=reinterpret pc=0x0000000002fd901c method=com.android.dx.ssa.SsaMethod.updateOneDefinition(Lcom/android/dx/ssa/SsaInsn;Lcom/android/dx/rop/code/RegisterSpec;)V @ 4
Event: 2.951 Thread 0x0000000002a70800 Uncommon trap: reason=unstable_if action=reinterpret pc=0x0000000003168f20 method=com.android.dx.rop.code.LocalItem.compareHandlesNulls(Lcom/android/dx/rop/cst/CstString;Lcom/android/dx/rop/cst/CstString;)I @ 14
Event: 3.101 Thread 0x0000000002a70800 Uncommon trap: reason=unstable_if action=reinterpret pc=0x00000000032d6b0c method=com.android.dx.cf.code.BaseMachine.getLocalTarget(Z)Lcom/android/dx/rop/code/RegisterSpec; @ 131
Event: 3.124 Thread 0x0000000002a70800 Uncommon trap: reason=bimorphic action=maybe_recompile pc=0x0000000003256468 method=com.android.dx.rop.code.RegisterSpec.withSimpleType()Lcom/android/dx/rop/code/RegisterSpec; @ 21
Event: 3.124 Thread 0x0000000002a70800 Uncommon trap: reason=bimorphic action=maybe_recompile pc=0x0000000003256468 method=com.android.dx.rop.code.RegisterSpec.withSimpleType()Lcom/android/dx/rop/code/RegisterSpec; @ 21
Event: 3.129 Thread 0x0000000002a70800 Uncommon trap: reason=bimorphic action=maybe_recompile pc=0x0000000003256468 method=com.android.dx.rop.code.RegisterSpec.withSimpleType()Lcom/android/dx/rop/code/RegisterSpec; @ 21
Event: 3.129 Thread 0x0000000002a70800 Uncommon trap: reason=bimorphic action=maybe_recompile pc=0x0000000003256468 method=com.android.dx.rop.code.RegisterSpec.withSimpleType()Lcom/android/dx/rop/code/RegisterSpec; @ 21
Event: 3.364 Thread 0x0000000002a70800 Uncommon trap: reason=unstable_if action=reinterpret pc=0x00000000032b3eb8 method=com.android.dx.ssa.InterferenceRegisterMapper.interferes(III)Z @ 69
Event: 3.392 Thread 0x0000000002a70800 Uncommon trap: reason=unstable_if action=reinterpret pc=0x0000000002f4815c method=com.android.dx.rop.code.RegisterSpec.equals(ILcom/android/dx/rop/type/TypeBearer;Lcom/android/dx/rop/code/LocalItem;)Z @ 16

Internal exceptions (4 events):
Event: 0.053 Thread 0x0000000002a70800 Exception <a 'java/lang/NoSuchMethodError': Method sun.misc.Unsafe.defineClass(Ljava/lang/String;[BII)Ljava/lang/Class; name or signature does not match> (0x00000000eab12f28) thrown at [C:\re\workspace\8-2-build-windows-amd64-cygwin\jdk8u45\3457\hotspot\sr€oÇ1ƒÿª?
Event: 0.053 Thread 0x0000000002a70800 Exception <a 'java/lang/NoSuchMethodError': Method sun.misc.Unsafe.prefetchRead(Ljava/lang/Object;J)V name or signature does not match> (0x00000000eab131b8) thrown at [C:\re\workspace\8-2-build-windows-amd64-cygwin\jdk8u45\3457\hotspot\src\share\vm\prims\j¶§Õ³b ÿ?
Event: 1.977 Thread 0x0000000002a70800 Implicit null exception at 0x00000000030376a2 to 0x0000000003037795
Event: 2.951 Thread 0x0000000002a70800 Implicit null exception at 0x0000000003167b4c to 0x0000000003168ee5

Events (10 events):
Event: 3.131 Thread 0x0000000002a70800 DEOPT PACKING pc=0x000000000300be38 sp=0x0000000002a6e7c0
Event: 3.131 Thread 0x0000000002a70800 DEOPT UNPACKING pc=0x0000000002bb787f sp=0x0000000002a6e5f0 mode 0
Event: 3.315 Thread 0x0000000002a70800 DEOPT PACKING pc=0x000000000300be38 sp=0x0000000002a6e870
Event: 3.315 Thread 0x0000000002a70800 DEOPT UNPACKING pc=0x0000000002bb787f sp=0x0000000002a6e6a0 mode 0
Event: 3.364 Thread 0x0000000002a70800 Uncommon trap: trap_request=0xffffff65 fr.pc=0x00000000032b3eb8
Event: 3.364 Thread 0x0000000002a70800 DEOPT PACKING pc=0x00000000032b3eb8 sp=0x0000000002a6e870
Event: 3.364 Thread 0x0000000002a70800 DEOPT UNPACKING pc=0x0000000002bb582a sp=0x0000000002a6e800 mode 2
Event: 3.392 Thread 0x0000000002a70800 Uncommon trap: trap_request=0xffffff65 fr.pc=0x0000000002f4815c
Event: 3.392 Thread 0x0000000002a70800 DEOPT PACKING pc=0x0000000002f4815c sp=0x0000000002a6e800
Event: 3.392 Thread 0x0000000002a70800 DEOPT UNPACKING pc=0x0000000002bb582a sp=0x0000000002a6e658 mode 2


Dynamic libraries:
0x00007ff65f120000 - 0x00007ff65f157000 	D:\Program Files\Java\jdk1.8.0_45\bin\java.exe
0x00007ffbb1c10000 - 0x00007ffbb1dbc000 	C:\WINDOWS\SYSTEM32\ntdll.dll
0x00007ffbb10e0000 - 0x00007ffbb121e000 	C:\WINDOWS\system32\KERNEL32.DLL
0x00007ffbaee30000 - 0x00007ffbaef45000 	C:\WINDOWS\system32\KERNELBASE.dll
0x00007ffbad8e0000 - 0x00007ffbad96e000 	C:\WINDOWS\system32\apphelp.dll
0x00007ffb97110000 - 0x00007ffb97163000 	C:\WINDOWS\AppPatch\AppPatch64\AcGenral.DLL
0x00007ffbb1700000 - 0x00007ffbb17aa000 	C:\WINDOWS\system32\msvcrt.dll
0x00007ffbaeb30000 - 0x00007ffbaeb5e000 	C:\WINDOWS\SYSTEM32\SspiCli.dll
0x00007ffbb1900000 - 0x00007ffbb1954000 	C:\WINDOWS\system32\SHLWAPI.dll
0x00007ffbb1970000 - 0x00007ffbb1ae7000 	C:\WINDOWS\system32\USER32.dll
0x00007ffbaf860000 - 0x00007ffbaf9f4000 	C:\WINDOWS\system32\ole32.dll
0x00007ffbafbc0000 - 0x00007ffbb10d8000 	C:\WINDOWS\system32\SHELL32.dll
0x00007ffbae4d0000 - 0x00007ffbae4f1000 	C:\WINDOWS\SYSTEM32\USERENV.dll
0x00007ffbaf7b0000 - 0x00007ffbaf85a000 	C:\WINDOWS\system32\ADVAPI32.dll
0x00007ffba15b0000 - 0x00007ffba15ce000 	C:\WINDOWS\SYSTEM32\MPR.dll
0x00007ffbb17b0000 - 0x00007ffbb18f1000 	C:\WINDOWS\system32\RPCRT4.dll
0x00007ffbaf570000 - 0x00007ffbaf5c9000 	C:\WINDOWS\SYSTEM32\sechost.dll
0x00007ffbb1380000 - 0x00007ffbb1591000 	C:\WINDOWS\SYSTEM32\combase.dll
0x00007ffbb1220000 - 0x00007ffbb1371000 	C:\WINDOWS\system32\GDI32.dll
0x00007ffbaed60000 - 0x00007ffbaed75000 	C:\WINDOWS\SYSTEM32\profapi.dll
0x00007ffbad820000 - 0x00007ffbad8d2000 	C:\WINDOWS\SYSTEM32\SHCORE.dll
0x00007ffbaf450000 - 0x00007ffbaf486000 	C:\WINDOWS\system32\IMM32.DLL
0x00007ffbb15a0000 - 0x00007ffbb16f3000 	C:\WINDOWS\system32\MSCTF.dll
0x00007ffbac910000 - 0x00007ffbacb8b000 	C:\WINDOWS\WinSxS\amd64_microsoft.windows.common-controls_6595b64144ccf1df_6.0.9600.17415_none_6240486fecbd8abb\COMCTL32.dll
0x00000000762b0000 - 0x0000000076382000 	D:\Program Files\Java\jdk1.8.0_45\jre\bin\msvcr100.dll
0x0000000075a20000 - 0x00000000762a3000 	D:\Program Files\Java\jdk1.8.0_45\jre\bin\server\jvm.dll
0x00007ffba6b50000 - 0x00007ffba6b59000 	C:\WINDOWS\SYSTEM32\WSOCK32.dll
0x00007ffbac830000 - 0x00007ffbac852000 	C:\WINDOWS\SYSTEM32\WINMM.dll
0x00007ffbac860000 - 0x00007ffbac86a000 	C:\WINDOWS\SYSTEM32\VERSION.dll
0x00007ffbaf290000 - 0x00007ffbaf297000 	C:\WINDOWS\system32\PSAPI.DLL
0x00007ffbaf3f0000 - 0x00007ffbaf44a000 	C:\WINDOWS\system32\WS2_32.dll
0x00007ffbac360000 - 0x00007ffbac38a000 	C:\WINDOWS\SYSTEM32\WINMMBASE.dll
0x00007ffbb1960000 - 0x00007ffbb1969000 	C:\WINDOWS\system32\NSI.dll
0x00007ffbaf240000 - 0x00007ffbaf28f000 	C:\WINDOWS\SYSTEM32\cfgmgr32.dll
0x00007ffbadb50000 - 0x00007ffbadb78000 	C:\WINDOWS\SYSTEM32\DEVOBJ.dll
0x0000000050040000 - 0x000000005004f000 	D:\Program Files\Java\jdk1.8.0_45\jre\bin\verify.dll
0x0000000050010000 - 0x0000000050039000 	D:\Program Files\Java\jdk1.8.0_45\jre\bin\java.dll
0x0000000075a00000 - 0x0000000075a16000 	D:\Program Files\Java\jdk1.8.0_45\jre\bin\zip.dll
0x00007ffb90ee0000 - 0x00007ffb9106a000 	C:\WINDOWS\SYSTEM32\dbghelp.dll

VM Arguments:
jvm_args: -Xmx1024M -Dfile.encoding=windows-1251 -Duser.country=RU -Duser.language=ru -Duser.variant 
java_command: com.android.dx.command.Main --dex --output C:\Users\egor\AndroidStudioProjects\MyApplication\app\build\intermediates\pre-dexed\release\classes-cc739ccd9c78d35ec0432412672b920220f09481.jar C:\Users\egor\AndroidStudioProjects\MyApplication\app\build\intermediates\exploded-aar\com.android.support\support-v4\22.2.0\jars\classes.jar
java_class_path (initial): D:\Users\egor\AppData\Local\Android\sdk\build-tools\22.0.1\lib\dx.jar
Launcher Type: SUN_STANDARD

Environment Variables:
CLASSPATH=D:\Spdep\OpenNI\Bin64\org.OpenNI.jar
PATH=C:\ProgramData\Oracle\Java\javapath;C:\Program Files (x86)\NVIDIA Corporation\PhysX\Common;C:\WINDOWS\system32;C:\WINDOWS;C:\WINDOWS\System32\Wbem;C:\WINDOWS\System32\WindowsPowerShell\v1.0\;C:\Program Files (x86)\Windows Kits\8.1\Windows Performance Toolkit\;C:\Program Files (x86)\Microsoft SDKs\TypeScript\1.0\;C:\Program Files (x86)\CMake 2.8\bin;C:\Program Files (x86)\Bin;C:\Program Files\erl6.3\bin;C:\Users\egor\Documents\GitHub\erlang;D:\SdDep\opencv\build\x64\vc10\bin;D:\SdDep\OpenNI\Bin64;D:\SdDep\PCL 1.6.0\bin;C:\Program Files (x86)\GNU\GnuPG\pub;C:\Program Files\TortoiseGit\bin;D:\Qt\Qt5.3.2\5.3\msvc2013_64
USERNAME=egor
OS=Windows_NT
PROCESSOR_IDENTIFIER=Intel64 Family 6 Model 60 Stepping 3, GenuineIntel



---------------  S Y S T E M  ---------------

OS: Windows 8.1 , 64 bit Build 9600 (6.3.9600.17415)

CPU:total 8 (4 cores per cpu, 2 threads per core) family 6 model 60 stepping 3, cmov, cx8, fxsr, mmx, sse, sse2, sse3, ssse3, sse4.1, sse4.2, popcnt, avx, avx2, aes, clmul, erms, lzcnt, ht, tsc, tscinvbit, bmi1, bmi2

Memory: 4k page, physical 8036636k(846960k free), swap 12667164k(4900k free)

vm_info: Java HotSpot(TM) 64-Bit Server VM (25.45-b02) for windows-amd64 JRE (1.8.0_45-b14), built on Apr 10 2015 10:34:15 by "java_re" with MS VC++ 10.0 (VS2010)

time: Fri Aug 28 17:16:00 2015
elapsed time: 3 seconds (0d 0h 0m 3s)

