#
# There is insufficient memory for the Java Runtime Environment to continue.
# Native memory allocation (malloc) failed to allocate 1330096 bytes for Chunk::new
# Possible reasons:
#   The system is out of physical RAM or swap space
#   In 32 bit mode, the process size limit was hit
# Possible solutions:
#   Reduce memory load on the system
#   Increase physical memory or swap space
#   Check if swap backing store is full
#   Use 64 bit Java on a 64 bit OS
#   Decrease Java heap size (-Xmx/-Xms)
#   Decrease number of Java threads
#   Decrease Java thread stack sizes (-Xss)
#   Set larger code cache with -XX:ReservedCodeCacheSize=
# This output file may be truncated or incomplete.
#
#  Out of Memory Error (allocation.cpp:390), pid=19876, tid=6428
#
# JRE version: Java(TM) SE Runtime Environment (8.0_45-b14) (build 1.8.0_45-b14)
# Java VM: Java HotSpot(TM) 64-Bit Server VM (25.45-b02 mixed mode windows-amd64 compressed oops)
# Failed to write core dump. Minidumps are not enabled by default on client versions of Windows
#

---------------  T H R E A D  ---------------

Current thread (0x00000000172d7800):  JavaThread "C2 CompilerThread1" daemon [_thread_in_native, id=6428, stack(0x0000000017950000,0x0000000017a50000)]

Stack: [0x0000000017950000,0x0000000017a50000]
Native frames: (J=compiled Java code, j=interpreted, Vv=VM code, C=native code)
V  [jvm.dll+0x32b57a]
V  [jvm.dll+0x279873]
V  [jvm.dll+0x27a509]
V  [jvm.dll+0x271825]
V  [jvm.dll+0xcb9e2]
V  [jvm.dll+0xcbeac]
V  [jvm.dll+0x476ef2]
V  [jvm.dll+0x4b955f]
V  [jvm.dll+0x46bf81]
V  [jvm.dll+0x46ccbe]
V  [jvm.dll+0x4500f2]
V  [jvm.dll+0xa4352]
V  [jvm.dll+0xa4c8f]
V  [jvm.dll+0x241984]
V  [jvm.dll+0x29853a]
C  [msvcr100.dll+0x21d9f]
C  [msvcr100.dll+0x21e3b]
C  [KERNEL32.DLL+0x13d2]
C  [ntdll.dll+0x6eb64]


Current CompileTask:
C2:   3501 1450       4       com.android.dx.rop.code.Rops::ropFor (771 bytes)


---------------  P R O C E S S  ---------------

Java Threads: ( => current thread )
  0x00000000172ec800 JavaThread "Service Thread" daemon [_thread_blocked, id=17652, stack(0x0000000017c50000,0x0000000017d50000)]
  0x00000000172dc000 JavaThread "C1 CompilerThread3" daemon [_thread_blocked, id=18784, stack(0x0000000017b50000,0x0000000017c50000)]
  0x00000000172d9800 JavaThread "C2 CompilerThread2" daemon [_thread_in_native, id=16796, stack(0x0000000017a50000,0x0000000017b50000)]
=>0x00000000172d7800 JavaThread "C2 CompilerThread1" daemon [_thread_in_native, id=6428, stack(0x0000000017950000,0x0000000017a50000)]
  0x0000000017278800 JavaThread "C2 CompilerThread0" daemon [_thread_in_native, id=20284, stack(0x0000000017850000,0x0000000017950000)]
  0x0000000017277800 JavaThread "Attach Listener" daemon [_thread_blocked, id=19864, stack(0x0000000017750000,0x0000000017850000)]
  0x0000000017275800 JavaThread "Signal Dispatcher" daemon [_thread_blocked, id=15444, stack(0x0000000017650000,0x0000000017750000)]
  0x0000000002759800 JavaThread "Finalizer" daemon [_thread_blocked, id=19960, stack(0x0000000017150000,0x0000000017250000)]
  0x0000000002753000 JavaThread "Reference Handler" daemon [_thread_blocked, id=1096, stack(0x0000000017050000,0x0000000017150000)]
  0x0000000002660800 JavaThread "main" [_thread_in_Java, id=18468, stack(0x0000000002480000,0x0000000002580000)]

Other Threads:
  0x0000000015279800 VMThread [stack: 0x0000000016f50000,0x0000000017050000] [id=17068]
  0x00000000172e3000 WatcherThread [stack: 0x0000000017d50000,0x0000000017e50000] [id=19588]

VM state:not at safepoint (normal execution)

VM Mutex/Monitor currently owned by a thread: None

Heap:
 PSYoungGen      total 68608K, used 13070K [0x00000000eab00000, 0x00000000ef300000, 0x0000000100000000)
  eden space 63488K, 12% used [0x00000000eab00000,0x00000000eb2cae80,0x00000000ee900000)
  from space 5120K, 99% used [0x00000000eee00000,0x00000000ef2f8d50,0x00000000ef300000)
  to   space 5120K, 0% used [0x00000000ee900000,0x00000000ee900000,0x00000000eee00000)
 ParOldGen       total 84992K, used 6220K [0x00000000c0000000, 0x00000000c5300000, 0x00000000eab00000)
  object space 84992K, 7% used [0x00000000c0000000,0x00000000c0613198,0x00000000c5300000)
 Metaspace       used 5815K, capacity 7024K, committed 7296K, reserved 1056768K
  class space    used 556K, capacity 616K, committed 640K, reserved 1048576K

Card table byte_map: [0x0000000011b20000,0x0000000011d30000] byte_map_base: 0x0000000011520000

Marking Bits: (ParMarkBitMap*) 0x0000000076224040
 Begin Bits: [0x0000000012690000, 0x0000000013690000)
 End Bits:   [0x0000000013690000, 0x0000000014690000)

Polling page: 0x0000000000b70000

CodeCache: size=245760Kb used=7007Kb max_used=7007Kb free=238752Kb
 bounds [0x0000000002760000, 0x0000000002e40000, 0x0000000011760000]
 total_blobs=1830 nmethods=1565 adapters=178
 compilation: enabled

Compilation events (10 events):
Event: 3.182 Thread 0x00000000172dc000 1553       3       com.android.dx.cf.attrib.RawAttribute::<init> (17 bytes)
Event: 3.183 Thread 0x00000000172dc000 nmethod 1553 0x0000000002e2af10 code [0x0000000002e2b0c0, 0x0000000002e2b6a8]
Event: 3.183 Thread 0x00000000172dc000 1554       3       com.android.dx.cf.attrib.RawAttribute::<init> (30 bytes)
Event: 3.183 Thread 0x00000000172dc000 nmethod 1554 0x0000000002e2ba10 code [0x0000000002e2bba0, 0x0000000002e2bff8]
Event: 3.183 Thread 0x00000000172dc000 1555       3       com.android.dx.cf.direct.AttributeFactory::parse0 (53 bytes)
Event: 3.184 Thread 0x00000000172dc000 nmethod 1555 0x0000000002e2c1d0 code [0x0000000002e2c3c0, 0x0000000002e2cd28]
Event: 3.184 Thread 0x00000000172dc000 1556       1       com.android.dx.rop.annotation.NameValuePair::getValue (5 bytes)
Event: 3.184 Thread 0x00000000172dc000 nmethod 1556 0x0000000002e11250 code [0x0000000002e113a0, 0x0000000002e114b0]
Event: 3.203 Thread 0x00000000172d7800 nmethod 1538 0x0000000002e30b50 code [0x0000000002e30d40, 0x0000000002e317f8]
Event: 3.203 Thread 0x00000000172d7800 1450       4       com.android.dx.rop.code.Rops::ropFor (771 bytes)

GC Heap History (2 events):
Event: 2.019 GC heap before
{Heap before GC invocations=1 (full 0):
 PSYoungGen      total 36864K, used 31744K [0x00000000eab00000, 0x00000000ed400000, 0x0000000100000000)
  eden space 31744K, 100% used [0x00000000eab00000,0x00000000eca00000,0x00000000eca00000)
  from space 5120K, 0% used [0x00000000ecf00000,0x00000000ecf00000,0x00000000ed400000)
  to   space 5120K, 0% used [0x00000000eca00000,0x00000000eca00000,0x00000000ecf00000)
 ParOldGen       total 84992K, used 0K [0x00000000c0000000, 0x00000000c5300000, 0x00000000eab00000)
  object space 84992K, 0% used [0x00000000c0000000,0x00000000c0000000,0x00000000c5300000)
 Metaspace       used 5674K, capacity 6960K, committed 7040K, reserved 1056768K
  class space    used 552K, capacity 616K, committed 640K, reserved 1048576K
Event: 2.081 GC heap after
Heap after GC invocations=1 (full 0):
 PSYoungGen      total 36864K, used 5101K [0x00000000eab00000, 0x00000000ef300000, 0x0000000100000000)
  eden space 31744K, 0% used [0x00000000eab00000,0x00000000eab00000,0x00000000eca00000)
  from space 5120K, 99% used [0x00000000eca00000,0x00000000ecefb720,0x00000000ecf00000)
  to   space 5120K, 0% used [0x00000000eee00000,0x00000000eee00000,0x00000000ef300000)
 ParOldGen       total 84992K, used 1353K [0x00000000c0000000, 0x00000000c5300000, 0x00000000eab00000)
  object space 84992K, 1% used [0x00000000c0000000,0x00000000c0152528,0x00000000c5300000)
 Metaspace       used 5674K, capacity 6960K, committed 7040K, reserved 1056768K
  class space    used 552K, capacity 616K, committed 640K, reserved 1048576K
}

Deoptimization events (10 events):
Event: 1.925 Thread 0x0000000002660800 Uncommon trap: reason=unstable_if action=reinterpret pc=0x0000000002a9265c method=com.android.dx.rop.cst.Constant.compareTo(Lcom/android/dx/rop/cst/Constant;)I @ 12
Event: 2.094 Thread 0x0000000002660800 Uncommon trap: reason=bimorphic action=maybe_recompile pc=0x0000000002ca5f48 method=com.android.dx.cf.code.BytecodeArray.parseInstruction(ILcom/android/dx/cf/code/BytecodeArray$Visitor;)I @ 1130
Event: 2.094 Thread 0x0000000002660800 Uncommon trap: reason=bimorphic action=maybe_recompile pc=0x0000000002ca5ba8 method=com.android.dx.cf.code.BytecodeArray.parseInstruction(ILcom/android/dx/cf/code/BytecodeArray$Visitor;)I @ 907
Event: 2.094 Thread 0x0000000002660800 Uncommon trap: reason=bimorphic action=maybe_recompile pc=0x0000000002ca5c28 method=com.android.dx.cf.code.BytecodeArray.parseInstruction(ILcom/android/dx/cf/code/BytecodeArray$Visitor;)I @ 923
Event: 2.094 Thread 0x0000000002660800 Uncommon trap: reason=bimorphic action=maybe_recompile pc=0x0000000002ca5c28 method=com.android.dx.cf.code.BytecodeArray.parseInstruction(ILcom/android/dx/cf/code/BytecodeArray$Visitor;)I @ 923
Event: 2.716 Thread 0x0000000002660800 Uncommon trap: reason=null_check action=make_not_entrant pc=0x0000000002d56e3c method=com.android.dx.ssa.SsaRenamer.getLocalForNewReg(I)Lcom/android/dx/rop/code/LocalItem; @ 19
Event: 2.860 Thread 0x0000000002660800 Uncommon trap: reason=unstable_if action=reinterpret pc=0x0000000002c8ccb4 method=com.android.dx.ssa.SCCP.simulateBranch(Lcom/android/dx/ssa/SsaInsn;)V @ 64
Event: 2.860 Thread 0x0000000002660800 Uncommon trap: reason=unstable_if action=reinterpret pc=0x0000000002ccb63c method=com.android.dx.ssa.LiteralOpUpgrader$1.visitNonMoveInsn(Lcom/android/dx/ssa/NormalSsaInsn;)V @ 55
Event: 2.861 Thread 0x0000000002660800 Uncommon trap: reason=unstable_if action=reinterpret pc=0x0000000002b9ba5c method=com.android.dx.ssa.SsaMethod.updateOneDefinition(Lcom/android/dx/ssa/SsaInsn;Lcom/android/dx/rop/code/RegisterSpec;)V @ 4
Event: 3.011 Thread 0x0000000002660800 Uncommon trap: reason=uninitialized action=reinterpret pc=0x0000000002d7c310 method=com.android.dx.cf.code.BytecodeArray.parseInstruction(ILcom/android/dx/cf/code/BytecodeArray$Visitor;)I @ 1031

Internal exceptions (3 events):
Event: 0.089 Thread 0x0000000002660800 Exception <a 'java/lang/NoSuchMethodError': Method sun.misc.Unsafe.defineClass(Ljava/lang/String;[BII)Ljava/lang/Class; name or signature does not match> (0x00000000eab12f28) thrown at [C:\re\workspace\8-2-build-windows-amd64-cygwin\jdk8u45\3457\hotspot\sr`Ù^l¿¶?
Event: 0.089 Thread 0x0000000002660800 Exception <a 'java/lang/NoSuchMethodError': Method sun.misc.Unsafe.prefetchRead(Ljava/lang/Object;J)V name or signature does not match> (0x00000000eab131b8) thrown at [C:\re\workspace\8-2-build-windows-amd64-cygwin\jdk8u45\3457\hotspot\src\share\vm\prims\j?RÎÐŠ¹@
Event: 2.716 Thread 0x0000000002660800 Implicit null exception at 0x0000000002d547ee to 0x0000000002d56dd9

Events (10 events):
Event: 3.017 loading class com/android/dx/cf/attrib/AttRuntimeInvisibleParameterAnnotations
Event: 3.017 loading class com/android/dx/cf/attrib/AttRuntimeInvisibleParameterAnnotations done
Event: 3.018 loading class com/android/dx/cf/attrib/BaseParameterAnnotations
Event: 3.018 loading class com/android/dx/cf/attrib/BaseParameterAnnotations done
Event: 3.037 loading class com/android/dx/dex/file/ParameterAnnotationStruct
Event: 3.037 loading class com/android/dx/dex/file/ParameterAnnotationStruct done
Event: 3.039 loading class com/android/dx/dex/file/UniformListItem
Event: 3.039 loading class com/android/dx/dex/file/UniformListItem done
Event: 3.040 loading class com/android/dx/dex/file/AnnotationSetRefItem
Event: 3.040 loading class com/android/dx/dex/file/AnnotationSetRefItem done


Dynamic libraries:
0x00007ff65f120000 - 0x00007ff65f157000 	D:\Program Files\Java\jdk1.8.0_45\bin\java.exe
0x00007ffbb1c10000 - 0x00007ffbb1dbc000 	C:\WINDOWS\SYSTEM32\ntdll.dll
0x00007ffbb10e0000 - 0x00007ffbb121e000 	C:\WINDOWS\system32\KERNEL32.DLL
0x00007ffbaee30000 - 0x00007ffbaef45000 	C:\WINDOWS\system32\KERNELBASE.dll
0x00007ffbad8e0000 - 0x00007ffbad96e000 	C:\WINDOWS\system32\apphelp.dll
0x00007ffb97110000 - 0x00007ffb97163000 	C:\WINDOWS\AppPatch\AppPatch64\AcGenral.DLL
0x00007ffbb1700000 - 0x00007ffbb17aa000 	C:\WINDOWS\system32\msvcrt.dll
0x00007ffbaeb30000 - 0x00007ffbaeb5e000 	C:\WINDOWS\SYSTEM32\SspiCli.dll
0x00007ffbb1900000 - 0x00007ffbb1954000 	C:\WINDOWS\system32\SHLWAPI.dll
0x00007ffbb1970000 - 0x00007ffbb1ae7000 	C:\WINDOWS\system32\USER32.dll
0x00007ffbaf860000 - 0x00007ffbaf9f4000 	C:\WINDOWS\system32\ole32.dll
0x00007ffbafbc0000 - 0x00007ffbb10d8000 	C:\WINDOWS\system32\SHELL32.dll
0x00007ffbae4d0000 - 0x00007ffbae4f1000 	C:\WINDOWS\SYSTEM32\USERENV.dll
0x00007ffbaf7b0000 - 0x00007ffbaf85a000 	C:\WINDOWS\system32\ADVAPI32.dll
0x00007ffba15b0000 - 0x00007ffba15ce000 	C:\WINDOWS\SYSTEM32\MPR.dll
0x00007ffbb17b0000 - 0x00007ffbb18f1000 	C:\WINDOWS\system32\RPCRT4.dll
0x00007ffbaf570000 - 0x00007ffbaf5c9000 	C:\WINDOWS\SYSTEM32\sechost.dll
0x00007ffbb1380000 - 0x00007ffbb1591000 	C:\WINDOWS\SYSTEM32\combase.dll
0x00007ffbb1220000 - 0x00007ffbb1371000 	C:\WINDOWS\system32\GDI32.dll
0x00007ffbaed60000 - 0x00007ffbaed75000 	C:\WINDOWS\SYSTEM32\profapi.dll
0x00007ffbad820000 - 0x00007ffbad8d2000 	C:\WINDOWS\SYSTEM32\SHCORE.dll
0x00007ffbaf450000 - 0x00007ffbaf486000 	C:\WINDOWS\system32\IMM32.DLL
0x00007ffbb15a0000 - 0x00007ffbb16f3000 	C:\WINDOWS\system32\MSCTF.dll
0x00007ffbac910000 - 0x00007ffbacb8b000 	C:\WINDOWS\WinSxS\amd64_microsoft.windows.common-controls_6595b64144ccf1df_6.0.9600.17415_none_6240486fecbd8abb\COMCTL32.dll
0x00000000762b0000 - 0x0000000076382000 	D:\Program Files\Java\jdk1.8.0_45\jre\bin\msvcr100.dll
0x0000000075a20000 - 0x00000000762a3000 	D:\Program Files\Java\jdk1.8.0_45\jre\bin\server\jvm.dll
0x00007ffba6b50000 - 0x00007ffba6b59000 	C:\WINDOWS\SYSTEM32\WSOCK32.dll
0x00007ffbac830000 - 0x00007ffbac852000 	C:\WINDOWS\SYSTEM32\WINMM.dll
0x00007ffbac860000 - 0x00007ffbac86a000 	C:\WINDOWS\SYSTEM32\VERSION.dll
0x00007ffbaf290000 - 0x00007ffbaf297000 	C:\WINDOWS\system32\PSAPI.DLL
0x00007ffbaf3f0000 - 0x00007ffbaf44a000 	C:\WINDOWS\system32\WS2_32.dll
0x00007ffbac360000 - 0x00007ffbac38a000 	C:\WINDOWS\SYSTEM32\WINMMBASE.dll
0x00007ffbb1960000 - 0x00007ffbb1969000 	C:\WINDOWS\system32\NSI.dll
0x00007ffbaf240000 - 0x00007ffbaf28f000 	C:\WINDOWS\SYSTEM32\cfgmgr32.dll
0x00007ffbadb50000 - 0x00007ffbadb78000 	C:\WINDOWS\SYSTEM32\DEVOBJ.dll
0x0000000050040000 - 0x000000005004f000 	D:\Program Files\Java\jdk1.8.0_45\jre\bin\verify.dll
0x0000000050010000 - 0x0000000050039000 	D:\Program Files\Java\jdk1.8.0_45\jre\bin\java.dll
0x0000000075a00000 - 0x0000000075a16000 	D:\Program Files\Java\jdk1.8.0_45\jre\bin\zip.dll
0x00007ffb90ee0000 - 0x00007ffb9106a000 	C:\WINDOWS\SYSTEM32\dbghelp.dll

VM Arguments:
jvm_args: -Xmx1024M -Dfile.encoding=windows-1251 -Duser.country=RU -Duser.language=ru -Duser.variant 
java_command: com.android.dx.command.Main --dex --output C:\Users\egor\AndroidStudioProjects\MyApplication\app\build\intermediates\pre-dexed\release\classes-d4f60e9618bd9b46e7a556d8778fb79d12cb78c6.jar C:\Users\egor\AndroidStudioProjects\MyApplication\app\build\intermediates\exploded-aar\com.android.support\appcompat-v7\22.2.0\jars\classes.jar
java_class_path (initial): D:\Users\egor\AppData\Local\Android\sdk\build-tools\22.0.1\lib\dx.jar
Launcher Type: SUN_STANDARD

Environment Variables:
CLASSPATH=D:\Spdep\OpenNI\Bin64\org.OpenNI.jar
PATH=C:\ProgramData\Oracle\Java\javapath;C:\Program Files (x86)\NVIDIA Corporation\PhysX\Common;C:\WINDOWS\system32;C:\WINDOWS;C:\WINDOWS\System32\Wbem;C:\WINDOWS\System32\WindowsPowerShell\v1.0\;C:\Program Files (x86)\Windows Kits\8.1\Windows Performance Toolkit\;C:\Program Files (x86)\Microsoft SDKs\TypeScript\1.0\;C:\Program Files (x86)\CMake 2.8\bin;C:\Program Files (x86)\Bin;C:\Program Files\erl6.3\bin;C:\Users\egor\Documents\GitHub\erlang;D:\SdDep\opencv\build\x64\vc10\bin;D:\SdDep\OpenNI\Bin64;D:\SdDep\PCL 1.6.0\bin;C:\Program Files (x86)\GNU\GnuPG\pub;C:\Program Files\TortoiseGit\bin;D:\Qt\Qt5.3.2\5.3\msvc2013_64
USERNAME=egor
OS=Windows_NT
PROCESSOR_IDENTIFIER=Intel64 Family 6 Model 60 Stepping 3, GenuineIntel



---------------  S Y S T E M  ---------------

OS: Windows 8.1 , 64 bit Build 9600 (6.3.9600.17415)

CPU:total 8 (4 cores per cpu, 2 threads per core) family 6 model 60 stepping 3, cmov, cx8, fxsr, mmx, sse, sse2, sse3, ssse3, sse4.1, sse4.2, popcnt, avx, avx2, aes, clmul, erms, lzcnt, ht, tsc, tscinvbit, bmi1, bmi2

Memory: 4k page, physical 8036636k(846976k free), swap 12667164k(4916k free)

vm_info: Java HotSpot(TM) 64-Bit Server VM (25.45-b02) for windows-amd64 JRE (1.8.0_45-b14), built on Apr 10 2015 10:34:15 by "java_re" with MS VC++ 10.0 (VS2010)

time: Fri Aug 28 17:16:00 2015
elapsed time: 3 seconds (0d 0h 0m 3s)

